# JRE version: Java(TM) SE Runtime Environment (8.0_121-b13) (build 1.8.0_121-b13)
# Java VM: Java HotSpot(TM) 64-Bit Server VM (25.121-b13 mixed mode windows-amd64 compressed oops)
Heap:
 PSYoungGen      total 177152K, used 16595K [0x00000000e0000000, 0x00000000ec080000, 0x0000000100000000)
  eden space 166912K, 3% used [0x00000000e0000000,0x00000000e0659170,0x00000000ea300000)
  from space 10240K, 98% used [0x00000000eb680000,0x00000000ec05bd80,0x00000000ec080000)
  to   space 12800K, 0% used [0x00000000ea780000,0x00000000ea780000,0x00000000eb400000)
 ParOldGen       total 49664K, used 19239K [0x00000000a0000000, 0x00000000a3080000, 0x00000000e0000000)
  object space 49664K, 38% used [0x00000000a0000000,0x00000000a12c9c00,0x00000000a3080000)
 Metaspace       used 42516K, capacity 43488K, committed 43776K, reserved 1087488K
  class space    used 5812K, capacity 6092K, committed 6144K, reserved 1048576K
GC Heap History (10 events):
Event: 32.506 GC heap before
{Heap before GC invocations=8 (full 1):
 PSYoungGen      total 74240K, used 65536K [0x00000000e0000000, 0x00000000e5100000, 0x0000000100000000)
  eden space 65536K, 100% used [0x00000000e0000000,0x00000000e4000000,0x00000000e4000000)
  from space 8704K, 0% used [0x00000000e4880000,0x00000000e4880000,0x00000000e5100000)
  to   space 8704K, 0% used [0x00000000e4000000,0x00000000e4000000,0x00000000e4880000)
 ParOldGen       total 35840K, used 11584K [0x00000000a0000000, 0x00000000a2300000, 0x00000000e0000000)
  object space 35840K, 32% used [0x00000000a0000000,0x00000000a0b503d0,0x00000000a2300000)
 Metaspace       used 25963K, capacity 26552K, committed 26624K, reserved 1073152K
  class space    used 3638K, capacity 3784K, committed 3840K, reserved 1048576K
Event: 32.524 GC heap after
Heap after GC invocations=8 (full 1):
 PSYoungGen      total 74240K, used 7822K [0x00000000e0000000, 0x00000000e8900000, 0x0000000100000000)
  eden space 65536K, 0% used [0x00000000e0000000,0x00000000e0000000,0x00000000e4000000)
  from space 8704K, 89% used [0x00000000e4000000,0x00000000e47a3aa0,0x00000000e4880000)
  to   space 9728K, 0% used [0x00000000e7f80000,0x00000000e7f80000,0x00000000e8900000)
 ParOldGen       total 35840K, used 11584K [0x00000000a0000000, 0x00000000a2300000, 0x00000000e0000000)
  object space 35840K, 32% used [0x00000000a0000000,0x00000000a0b503d0,0x00000000a2300000)
 Metaspace       used 25963K, capacity 26552K, committed 26624K, reserved 1073152K
  class space    used 3638K, capacity 3784K, committed 3840K, reserved 1048576K
}
Event: 37.571 GC heap before
{Heap before GC invocations=9 (full 1):
 PSYoungGen      total 74240K, used 73358K [0x00000000e0000000, 0x00000000e8900000, 0x0000000100000000)
  eden space 65536K, 100% used [0x00000000e0000000,0x00000000e4000000,0x00000000e4000000)
  from space 8704K, 89% used [0x00000000e4000000,0x00000000e47a3aa0,0x00000000e4880000)
  to   space 9728K, 0% used [0x00000000e7f80000,0x00000000e7f80000,0x00000000e8900000)
 ParOldGen       total 35840K, used 11584K [0x00000000a0000000, 0x00000000a2300000, 0x00000000e0000000)
  object space 35840K, 32% used [0x00000000a0000000,0x00000000a0b503d0,0x00000000a2300000)
 Metaspace       used 28456K, capacity 29104K, committed 29312K, reserved 1075200K
  class space    used 3974K, capacity 4140K, committed 4224K, reserved 1048576K
Event: 37.612 GC heap after
Heap after GC invocations=9 (full 1):
 PSYoungGen      total 127488K, used 6007K [0x00000000e0000000, 0x00000000e8780000, 0x0000000100000000)
  eden space 119296K, 0% used [0x00000000e0000000,0x00000000e0000000,0x00000000e7480000)
  from space 8192K, 73% used [0x00000000e7f80000,0x00000000e855ddc8,0x00000000e8780000)
  to   space 9728K, 0% used [0x00000000e7480000,0x00000000e7480000,0x00000000e7e00000)
 ParOldGen       total 35840K, used 11592K [0x00000000a0000000, 0x00000000a2300000, 0x00000000e0000000)
  object space 35840K, 32% used [0x00000000a0000000,0x00000000a0b523d0,0x00000000a2300000)
 Metaspace       used 28456K, capacity 29104K, committed 29312K, reserved 1075200K
  class space    used 3974K, capacity 4140K, committed 4224K, reserved 1048576K
}
Event: 43.910 GC heap before
{Heap before GC invocations=10 (full 1):
 PSYoungGen      total 127488K, used 115266K [0x00000000e0000000, 0x00000000e8780000, 0x0000000100000000)
  eden space 119296K, 91% used [0x00000000e0000000,0x00000000e6ab2b08,0x00000000e7480000)
  from space 8192K, 73% used [0x00000000e7f80000,0x00000000e855ddc8,0x00000000e8780000)
  to   space 9728K, 0% used [0x00000000e7480000,0x00000000e7480000,0x00000000e7e00000)
 ParOldGen       total 35840K, used 11592K [0x00000000a0000000, 0x00000000a2300000, 0x00000000e0000000)
  object space 35840K, 32% used [0x00000000a0000000,0x00000000a0b523d0,0x00000000a2300000)
 Metaspace       used 34637K, capacity 35304K, committed 35456K, reserved 1079296K
  class space    used 4768K, capacity 4951K, committed 4992K, reserved 1048576K
Event: 43.924 GC heap after
Heap after GC invocations=10 (full 1):
 PSYoungGen      total 129024K, used 9713K [0x00000000e0000000, 0x00000000ec200000, 0x0000000100000000)
  eden space 119296K, 0% used [0x00000000e0000000,0x00000000e0000000,0x00000000e7480000)
  from space 9728K, 99% used [0x00000000e7480000,0x00000000e7dfc4d0,0x00000000e7e00000)
  to   space 11776K, 0% used [0x00000000eb680000,0x00000000eb680000,0x00000000ec200000)
 ParOldGen       total 35840K, used 13845K [0x00000000a0000000, 0x00000000a2300000, 0x00000000e0000000)
  object space 35840K, 38% used [0x00000000a0000000,0x00000000a0d85530,0x00000000a2300000)
 Metaspace       used 34637K, capacity 35304K, committed 35456K, reserved 1079296K
  class space    used 4768K, capacity 4951K, committed 4992K, reserved 1048576K
}
Event: 43.924 GC heap before
{Heap before GC invocations=11 (full 2):
 PSYoungGen      total 129024K, used 9713K [0x00000000e0000000, 0x00000000ec200000, 0x0000000100000000)
  eden space 119296K, 0% used [0x00000000e0000000,0x00000000e0000000,0x00000000e7480000)
  from space 9728K, 99% used [0x00000000e7480000,0x00000000e7dfc4d0,0x00000000e7e00000)
  to   space 11776K, 0% used [0x00000000eb680000,0x00000000eb680000,0x00000000ec200000)
 ParOldGen       total 35840K, used 13845K [0x00000000a0000000, 0x00000000a2300000, 0x00000000e0000000)
  object space 35840K, 38% used [0x00000000a0000000,0x00000000a0d85530,0x00000000a2300000)
 Metaspace       used 34637K, capacity 35304K, committed 35456K, reserved 1079296K
  class space    used 4768K, capacity 4951K, committed 4992K, reserved 1048576K
Event: 44.048 GC heap after
Heap after GC invocations=11 (full 2):
 PSYoungGen      total 129024K, used 0K [0x00000000e0000000, 0x00000000ec200000, 0x0000000100000000)
  eden space 119296K, 0% used [0x00000000e0000000,0x00000000e0000000,0x00000000e7480000)
  from space 9728K, 0% used [0x00000000e7480000,0x00000000e7480000,0x00000000e7e00000)
  to   space 11776K, 0% used [0x00000000eb680000,0x00000000eb680000,0x00000000ec200000)
 ParOldGen       total 49664K, used 19231K [0x00000000a0000000, 0x00000000a3080000, 0x00000000e0000000)
  object space 49664K, 38% used [0x00000000a0000000,0x00000000a12c7c00,0x00000000a3080000)
 Metaspace       used 34637K, capacity 35304K, committed 35456K, reserved 1079296K
  class space    used 4768K, capacity 4951K, committed 4992K, reserved 1048576K
}
Event: 46.843 GC heap before
{Heap before GC invocations=12 (full 2):
 PSYoungGen      total 129024K, used 119296K [0x00000000e0000000, 0x00000000ec200000, 0x0000000100000000)
  eden space 119296K, 100% used [0x00000000e0000000,0x00000000e7480000,0x00000000e7480000)
  from space 9728K, 0% used [0x00000000e7480000,0x00000000e7480000,0x00000000e7e00000)
  to   space 11776K, 0% used [0x00000000eb680000,0x00000000eb680000,0x00000000ec200000)
 ParOldGen       total 49664K, used 19231K [0x00000000a0000000, 0x00000000a3080000, 0x00000000e0000000)
  object space 49664K, 38% used [0x00000000a0000000,0x00000000a12c7c00,0x00000000a3080000)
 Metaspace       used 41993K, capacity 42844K, committed 43136K, reserved 1087488K
  class space    used 5736K, capacity 5962K, committed 6016K, reserved 1048576K
Event: 46.856 GC heap after
Heap after GC invocations=12 (full 2):
 PSYoungGen      total 177152K, used 10095K [0x00000000e0000000, 0x00000000ec080000, 0x0000000100000000)
  eden space 166912K, 0% used [0x00000000e0000000,0x00000000e0000000,0x00000000ea300000)
  from space 10240K, 98% used [0x00000000eb680000,0x00000000ec05bd80,0x00000000ec080000)
  to   space 12800K, 0% used [0x00000000ea780000,0x00000000ea780000,0x00000000eb400000)
 ParOldGen       total 49664K, used 19239K [0x00000000a0000000, 0x00000000a3080000, 0x00000000e0000000)
  object space 49664K, 38% used [0x00000000a0000000,0x00000000a12c9c00,0x00000000a3080000)
 Metaspace       used 41993K, capacity 42844K, committed 43136K, reserved 1087488K
  class space    used 5736K, capacity 5962K, committed 6016K, reserved 1048576K
}

