# JRE version: Java(TM) SE Runtime Environment (8.0_121-b13) (build 1.8.0_121-b13)
# Java VM: Java HotSpot(TM) 64-Bit Server VM (25.121-b13 mixed mode windows-amd64 compressed oops)
Heap:
 PSYoungGen      total 454144K, used 178261K [0x00000000e0000000, 0x00000000ff180000, 0x0000000100000000)
  eden space 418304K, 42% used [0x00000000e0000000,0x00000000eae15670,0x00000000f9880000)
  from space 35840K, 0% used [0x00000000fce80000,0x00000000fce80000,0x00000000ff180000)
  to   space 45568K, 0% used [0x00000000f9880000,0x00000000f9880000,0x00000000fc500000)
 ParOldGen       total 146944K, used 38208K [0x00000000a0000000, 0x00000000a8f80000, 0x00000000e0000000)
  object space 146944K, 26% used [0x00000000a0000000,0x00000000a25501b8,0x00000000a8f80000)
 Metaspace       used 69277K, capacity 71470K, committed 73472K, reserved 1114112K
  class space    used 8919K, capacity 9292K, committed 9728K, reserved 1048576K
GC Heap History (10 events):
Event: 1904.510 GC heap before
{Heap before GC invocations=31 (full 5):
 PSYoungGen      total 315392K, used 300453K [0x00000000e0000000, 0x00000000fb400000, 0x0000000100000000)
  eden space 273408K, 100% used [0x00000000e0000000,0x00000000f0b00000,0x00000000f0b00000)
  from space 41984K, 64% used [0x00000000f0b00000,0x00000000f25697a8,0x00000000f3400000)
  to   space 43008K, 0% used [0x00000000f8a00000,0x00000000f8a00000,0x00000000fb400000)
 ParOldGen       total 148992K, used 94040K [0x00000000a0000000, 0x00000000a9180000, 0x00000000e0000000)
  object space 148992K, 63% used [0x00000000a0000000,0x00000000a5bd6340,0x00000000a9180000)
 Metaspace       used 66496K, capacity 68430K, committed 71936K, reserved 1112064K
  class space    used 8551K, capacity 8850K, committed 9728K, reserved 1048576K
Event: 1904.602 GC heap after
Heap after GC invocations=31 (full 5):
 PSYoungGen      total 377856K, used 35144K [0x00000000e0000000, 0x00000000fac80000, 0x0000000100000000)
  eden space 342528K, 0% used [0x00000000e0000000,0x00000000e0000000,0x00000000f4e80000)
  from space 35328K, 99% used [0x00000000f8a00000,0x00000000fac52310,0x00000000fac80000)
  to   space 47104K, 0% used [0x00000000f5080000,0x00000000f5080000,0x00000000f7e80000)
 ParOldGen       total 148992K, used 117324K [0x00000000a0000000, 0x00000000a9180000, 0x00000000e0000000)
  object space 148992K, 78% used [0x00000000a0000000,0x00000000a7293178,0x00000000a9180000)
 Metaspace       used 66496K, capacity 68430K, committed 71936K, reserved 1112064K
  class space    used 8551K, capacity 8850K, committed 9728K, reserved 1048576K
}
Event: 1907.249 GC heap before
{Heap before GC invocations=32 (full 5):
 PSYoungGen      total 377856K, used 376717K [0x00000000e0000000, 0x00000000fac80000, 0x0000000100000000)
  eden space 342528K, 99% used [0x00000000e0000000,0x00000000f4d91250,0x00000000f4e80000)
  from space 35328K, 99% used [0x00000000f8a00000,0x00000000fac52310,0x00000000fac80000)
  to   space 47104K, 0% used [0x00000000f5080000,0x00000000f5080000,0x00000000f7e80000)
 ParOldGen       total 148992K, used 117324K [0x00000000a0000000, 0x00000000a9180000, 0x00000000e0000000)
  object space 148992K, 78% used [0x00000000a0000000,0x00000000a7293178,0x00000000a9180000)
 Metaspace       used 68685K, capacity 70722K, committed 72960K, reserved 1112064K
  class space    used 8855K, capacity 9186K, committed 9728K, reserved 1048576K
Event: 1907.351 GC heap after
Heap after GC invocations=32 (full 5):
 PSYoungGen      total 391680K, used 21257K [0x00000000e0000000, 0x00000000ffa80000, 0x0000000100000000)
  eden space 344576K, 0% used [0x00000000e0000000,0x00000000e0000000,0x00000000f5080000)
  from space 47104K, 45% used [0x00000000f5080000,0x00000000f65424d8,0x00000000f7e80000)
  to   space 45056K, 0% used [0x00000000fce80000,0x00000000fce80000,0x00000000ffa80000)
 ParOldGen       total 148992K, used 133876K [0x00000000a0000000, 0x00000000a9180000, 0x00000000e0000000)
  object space 148992K, 89% used [0x00000000a0000000,0x00000000a82bd000,0x00000000a9180000)
 Metaspace       used 68685K, capacity 70722K, committed 72960K, reserved 1112064K
  class space    used 8855K, capacity 9186K, committed 9728K, reserved 1048576K
}
Event: 1907.351 GC heap before
{Heap before GC invocations=33 (full 6):
 PSYoungGen      total 391680K, used 21257K [0x00000000e0000000, 0x00000000ffa80000, 0x0000000100000000)
  eden space 344576K, 0% used [0x00000000e0000000,0x00000000e0000000,0x00000000f5080000)
  from space 47104K, 45% used [0x00000000f5080000,0x00000000f65424d8,0x00000000f7e80000)
  to   space 45056K, 0% used [0x00000000fce80000,0x00000000fce80000,0x00000000ffa80000)
 ParOldGen       total 148992K, used 133876K [0x00000000a0000000, 0x00000000a9180000, 0x00000000e0000000)
  object space 148992K, 89% used [0x00000000a0000000,0x00000000a82bd000,0x00000000a9180000)
 Metaspace       used 68685K, capacity 70722K, committed 72960K, reserved 1112064K
  class space    used 8855K, capacity 9186K, committed 9728K, reserved 1048576K
Event: 1907.660 GC heap after
Heap after GC invocations=33 (full 6):
 PSYoungGen      total 391680K, used 0K [0x00000000e0000000, 0x00000000ffa80000, 0x0000000100000000)
  eden space 344576K, 0% used [0x00000000e0000000,0x00000000e0000000,0x00000000f5080000)
  from space 47104K, 0% used [0x00000000f5080000,0x00000000f5080000,0x00000000f7e80000)
  to   space 45056K, 0% used [0x00000000fce80000,0x00000000fce80000,0x00000000ffa80000)
 ParOldGen       total 146944K, used 64998K [0x00000000a0000000, 0x00000000a8f80000, 0x00000000e0000000)
  object space 146944K, 44% used [0x00000000a0000000,0x00000000a3f798d0,0x00000000a8f80000)
 Metaspace       used 68685K, capacity 70722K, committed 72960K, reserved 1112064K
  class space    used 8855K, capacity 9186K, committed 9728K, reserved 1048576K
}
Event: 1908.529 GC heap before
{Heap before GC invocations=34 (full 6):
 PSYoungGen      total 391680K, used 153363K [0x00000000e0000000, 0x00000000ffa80000, 0x0000000100000000)
  eden space 344576K, 44% used [0x00000000e0000000,0x00000000e95c4da8,0x00000000f5080000)
  from space 47104K, 0% used [0x00000000f5080000,0x00000000f5080000,0x00000000f7e80000)
  to   space 45056K, 0% used [0x00000000fce80000,0x00000000fce80000,0x00000000ffa80000)
 ParOldGen       total 146944K, used 64998K [0x00000000a0000000, 0x00000000a8f80000, 0x00000000e0000000)
  object space 146944K, 44% used [0x00000000a0000000,0x00000000a3f798d0,0x00000000a8f80000)
 Metaspace       used 68781K, capacity 70816K, committed 73216K, reserved 1112064K
  class space    used 8874K, capacity 9193K, committed 9728K, reserved 1048576K
Event: 1908.532 GC heap after
Heap after GC invocations=34 (full 6):
 PSYoungGen      total 454144K, used 212K [0x00000000e0000000, 0x00000000ff180000, 0x0000000100000000)
  eden space 418304K, 0% used [0x00000000e0000000,0x00000000e0000000,0x00000000f9880000)
  from space 35840K, 0% used [0x00000000fce80000,0x00000000fceb5240,0x00000000ff180000)
  to   space 45568K, 0% used [0x00000000f9880000,0x00000000f9880000,0x00000000fc500000)
 ParOldGen       total 146944K, used 64998K [0x00000000a0000000, 0x00000000a8f80000, 0x00000000e0000000)
  object space 146944K, 44% used [0x00000000a0000000,0x00000000a3f798d0,0x00000000a8f80000)
 Metaspace       used 68781K, capacity 70816K, committed 73216K, reserved 1112064K
  class space    used 8874K, capacity 9193K, committed 9728K, reserved 1048576K
}
Event: 1908.532 GC heap before
{Heap before GC invocations=35 (full 7):
 PSYoungGen      total 454144K, used 212K [0x00000000e0000000, 0x00000000ff180000, 0x0000000100000000)
  eden space 418304K, 0% used [0x00000000e0000000,0x00000000e0000000,0x00000000f9880000)
  from space 35840K, 0% used [0x00000000fce80000,0x00000000fceb5240,0x00000000ff180000)
  to   space 45568K, 0% used [0x00000000f9880000,0x00000000f9880000,0x00000000fc500000)
 ParOldGen       total 146944K, used 64998K [0x00000000a0000000, 0x00000000a8f80000, 0x00000000e0000000)
  object space 146944K, 44% used [0x00000000a0000000,0x00000000a3f798d0,0x00000000a8f80000)
 Metaspace       used 68781K, capacity 70816K, committed 73216K, reserved 1112064K
  class space    used 8874K, capacity 9193K, committed 9728K, reserved 1048576K
Event: 1908.862 GC heap after
Heap after GC invocations=35 (full 7):
 PSYoungGen      total 454144K, used 0K [0x00000000e0000000, 0x00000000ff180000, 0x0000000100000000)
  eden space 418304K, 0% used [0x00000000e0000000,0x00000000e0000000,0x00000000f9880000)
  from space 35840K, 0% used [0x00000000fce80000,0x00000000fce80000,0x00000000ff180000)
  to   space 45568K, 0% used [0x00000000f9880000,0x00000000f9880000,0x00000000fc500000)
 ParOldGen       total 146944K, used 38208K [0x00000000a0000000, 0x00000000a8f80000, 0x00000000e0000000)
  object space 146944K, 26% used [0x00000000a0000000,0x00000000a25501b8,0x00000000a8f80000)
 Metaspace       used 68761K, capacity 70768K, committed 73216K, reserved 1112064K
  class space    used 8869K, capacity 9185K, committed 9728K, reserved 1048576K
}

