# JRE version: Java(TM) SE Runtime Environment (8.0_121-b13) (build 1.8.0_121-b13)
# Java VM: Java HotSpot(TM) 64-Bit Server VM (25.121-b13 mixed mode windows-amd64 compressed oops)
Heap:
 PSYoungGen      total 436224K, used 420352K [0x00000000e0000000, 0x00000000fba80000, 0x0000000100000000)
  eden space 420352K, 100% used [0x00000000e0000000,0x00000000f9a80000,0x00000000f9a80000)
  from space 15872K, 0% used [0x00000000fab00000,0x00000000fab00000,0x00000000fba80000)
  to   space 16384K, 15% used [0x00000000f9a80000,0x00000000f9d04010,0x00000000faa80000)
 ParOldGen       total 87552K, used 47533K [0x00000000a0000000, 0x00000000a5580000, 0x00000000e0000000)
  object space 87552K, 54% used [0x00000000a0000000,0x00000000a2e6b498,0x00000000a5580000)
 Metaspace       used 65399K, capacity 68588K, committed 68736K, reserved 1107968K
  class space    used 8695K, capacity 9300K, committed 9344K, reserved 1048576K
GC Heap History (10 events):
Event: 8275.143 GC heap after
Heap after GC invocations=22 (full 6):
 PSYoungGen      total 330240K, used 4640K [0x00000000e0000000, 0x00000000f5380000, 0x0000000100000000)
  eden space 313856K, 0% used [0x00000000e0000000,0x00000000e0000000,0x00000000f3280000)
  from space 16384K, 28% used [0x00000000f4380000,0x00000000f4808000,0x00000000f5380000)
  to   space 16896K, 0% used [0x00000000f3280000,0x00000000f3280000,0x00000000f4300000)
 ParOldGen       total 87552K, used 34405K [0x00000000a0000000, 0x00000000a5580000, 0x00000000e0000000)
  object space 87552K, 39% used [0x00000000a0000000,0x00000000a21994b8,0x00000000a5580000)
 Metaspace       used 62360K, capacity 64514K, committed 66176K, reserved 1105920K
  class space    used 8259K, capacity 8654K, committed 9088K, reserved 1048576K
}
Event: 8275.143 GC heap before
{Heap before GC invocations=23 (full 7):
 PSYoungGen      total 330240K, used 4640K [0x00000000e0000000, 0x00000000f5380000, 0x0000000100000000)
  eden space 313856K, 0% used [0x00000000e0000000,0x00000000e0000000,0x00000000f3280000)
  from space 16384K, 28% used [0x00000000f4380000,0x00000000f4808000,0x00000000f5380000)
  to   space 16896K, 0% used [0x00000000f3280000,0x00000000f3280000,0x00000000f4300000)
 ParOldGen       total 87552K, used 34405K [0x00000000a0000000, 0x00000000a5580000, 0x00000000e0000000)
  object space 87552K, 39% used [0x00000000a0000000,0x00000000a21994b8,0x00000000a5580000)
 Metaspace       used 62360K, capacity 64514K, committed 66176K, reserved 1105920K
  class space    used 8259K, capacity 8654K, committed 9088K, reserved 1048576K
Event: 8275.459 GC heap after
Heap after GC invocations=23 (full 7):
 PSYoungGen      total 330240K, used 0K [0x00000000e0000000, 0x00000000f5380000, 0x0000000100000000)
  eden space 313856K, 0% used [0x00000000e0000000,0x00000000e0000000,0x00000000f3280000)
  from space 16384K, 0% used [0x00000000f4380000,0x00000000f4380000,0x00000000f5380000)
  to   space 16896K, 0% used [0x00000000f3280000,0x00000000f3280000,0x00000000f4300000)
 ParOldGen       total 87552K, used 36269K [0x00000000a0000000, 0x00000000a5580000, 0x00000000e0000000)
  object space 87552K, 41% used [0x00000000a0000000,0x00000000a236b738,0x00000000a5580000)
 Metaspace       used 62360K, capacity 64514K, committed 66176K, reserved 1105920K
  class space    used 8259K, capacity 8654K, committed 9088K, reserved 1048576K
}
Event: 8432.822 GC heap before
{Heap before GC invocations=24 (full 7):
 PSYoungGen      total 330240K, used 313856K [0x00000000e0000000, 0x00000000f5380000, 0x0000000100000000)
  eden space 313856K, 100% used [0x00000000e0000000,0x00000000f3280000,0x00000000f3280000)
  from space 16384K, 0% used [0x00000000f4380000,0x00000000f4380000,0x00000000f5380000)
  to   space 16896K, 0% used [0x00000000f3280000,0x00000000f3280000,0x00000000f4300000)
 ParOldGen       total 87552K, used 36269K [0x00000000a0000000, 0x00000000a5580000, 0x00000000e0000000)
  object space 87552K, 41% used [0x00000000a0000000,0x00000000a236b738,0x00000000a5580000)
 Metaspace       used 63041K, capacity 65498K, committed 66688K, reserved 1107968K
  class space    used 8321K, capacity 8733K, committed 9088K, reserved 1048576K
Event: 8432.843 GC heap after
Heap after GC invocations=24 (full 7):
 PSYoungGen      total 330752K, used 10032K [0x00000000e0000000, 0x00000000fbb80000, 0x0000000100000000)
  eden space 313856K, 0% used [0x00000000e0000000,0x00000000e0000000,0x00000000f3280000)
  from space 16896K, 59% used [0x00000000f3280000,0x00000000f3c4c010,0x00000000f4300000)
  to   space 16896K, 0% used [0x00000000fab00000,0x00000000fab00000,0x00000000fbb80000)
 ParOldGen       total 87552K, used 36277K [0x00000000a0000000, 0x00000000a5580000, 0x00000000e0000000)
  object space 87552K, 41% used [0x00000000a0000000,0x00000000a236d738,0x00000000a5580000)
 Metaspace       used 63041K, capacity 65498K, committed 66688K, reserved 1107968K
  class space    used 8321K, capacity 8733K, committed 9088K, reserved 1048576K
}
Event: 8433.841 GC heap before
{Heap before GC invocations=25 (full 7):
 PSYoungGen      total 330752K, used 102313K [0x00000000e0000000, 0x00000000fbb80000, 0x0000000100000000)
  eden space 313856K, 29% used [0x00000000e0000000,0x00000000e5a1e7e8,0x00000000f3280000)
  from space 16896K, 59% used [0x00000000f3280000,0x00000000f3c4c010,0x00000000f4300000)
  to   space 16896K, 0% used [0x00000000fab00000,0x00000000fab00000,0x00000000fbb80000)
 ParOldGen       total 87552K, used 36277K [0x00000000a0000000, 0x00000000a5580000, 0x00000000e0000000)
  object space 87552K, 41% used [0x00000000a0000000,0x00000000a236d738,0x00000000a5580000)
 Metaspace       used 64531K, capacity 67560K, committed 67584K, reserved 1107968K
  class space    used 8625K, capacity 9212K, committed 9216K, reserved 1048576K
Event: 8433.888 GC heap after
Heap after GC invocations=25 (full 7):
 PSYoungGen      total 436224K, used 8917K [0x00000000e0000000, 0x00000000fba80000, 0x0000000100000000)
  eden space 420352K, 0% used [0x00000000e0000000,0x00000000e0000000,0x00000000f9a80000)
  from space 15872K, 56% used [0x00000000fab00000,0x00000000fb3b56e0,0x00000000fba80000)
  to   space 16384K, 0% used [0x00000000f9a80000,0x00000000f9a80000,0x00000000faa80000)
 ParOldGen       total 87552K, used 43088K [0x00000000a0000000, 0x00000000a5580000, 0x00000000e0000000)
  object space 87552K, 49% used [0x00000000a0000000,0x00000000a2a14160,0x00000000a5580000)
 Metaspace       used 64531K, capacity 67560K, committed 67584K, reserved 1107968K
  class space    used 8625K, capacity 9212K, committed 9216K, reserved 1048576K
}
Event: 8433.888 GC heap before
{Heap before GC invocations=26 (full 8):
 PSYoungGen      total 436224K, used 8917K [0x00000000e0000000, 0x00000000fba80000, 0x0000000100000000)
  eden space 420352K, 0% used [0x00000000e0000000,0x00000000e0000000,0x00000000f9a80000)
  from space 15872K, 56% used [0x00000000fab00000,0x00000000fb3b56e0,0x00000000fba80000)
  to   space 16384K, 0% used [0x00000000f9a80000,0x00000000f9a80000,0x00000000faa80000)
 ParOldGen       total 87552K, used 43088K [0x00000000a0000000, 0x00000000a5580000, 0x00000000e0000000)
  object space 87552K, 49% used [0x00000000a0000000,0x00000000a2a14160,0x00000000a5580000)
 Metaspace       used 64531K, capacity 67560K, committed 67584K, reserved 1107968K
  class space    used 8625K, capacity 9212K, committed 9216K, reserved 1048576K
Event: 8434.531 GC heap after
Heap after GC invocations=26 (full 8):
 PSYoungGen      total 436224K, used 0K [0x00000000e0000000, 0x00000000fba80000, 0x0000000100000000)
  eden space 420352K, 0% used [0x00000000e0000000,0x00000000e0000000,0x00000000f9a80000)
  from space 15872K, 0% used [0x00000000fab00000,0x00000000fab00000,0x00000000fba80000)
  to   space 16384K, 0% used [0x00000000f9a80000,0x00000000f9a80000,0x00000000faa80000)
 ParOldGen       total 87552K, used 47525K [0x00000000a0000000, 0x00000000a5580000, 0x00000000e0000000)
  object space 87552K, 54% used [0x00000000a0000000,0x00000000a2e69498,0x00000000a5580000)
 Metaspace       used 64531K, capacity 67560K, committed 67584K, reserved 1107968K
  class space    used 8625K, capacity 9212K, committed 9216K, reserved 1048576K
}
Event: 9279.490 GC heap before
{Heap before GC invocations=27 (full 8):
 PSYoungGen      total 436224K, used 420352K [0x00000000e0000000, 0x00000000fba80000, 0x0000000100000000)
  eden space 420352K, 100% used [0x00000000e0000000,0x00000000f9a80000,0x00000000f9a80000)
  from space 15872K, 0% used [0x00000000fab00000,0x00000000fab00000,0x00000000fba80000)
  to   space 16384K, 0% used [0x00000000f9a80000,0x00000000f9a80000,0x00000000faa80000)
 ParOldGen       total 87552K, used 47525K [0x00000000a0000000, 0x00000000a5580000, 0x00000000e0000000)
  object space 87552K, 54% used [0x00000000a0000000,0x00000000a2e69498,0x00000000a5580000)
 Metaspace       used 65399K, capacity 68588K, committed 68736K, reserved 1107968K
  class space    used 8695K, capacity 9300K, committed 9344K, reserved 1048576K

