# JRE version: Java(TM) SE Runtime Environment (8.0_121-b13) (build 1.8.0_121-b13)
# Java VM: Java HotSpot(TM) 64-Bit Server VM (25.121-b13 mixed mode windows-amd64 compressed oops)
Heap:
 PSYoungGen      total 116224K, used 18290K [0x00000000e0000000, 0x00000000e8280000, 0x0000000100000000)
  eden space 108032K, 9% used [0x00000000e0000000,0x00000000e0a858d8,0x00000000e6980000)
  from space 8192K, 91% used [0x00000000e7280000,0x00000000e79d71a0,0x00000000e7a80000)
  to   space 9216K, 0% used [0x00000000e6980000,0x00000000e6980000,0x00000000e7280000)
 ParOldGen       total 41472K, used 21786K [0x00000000a0000000, 0x00000000a2880000, 0x00000000e0000000)
  object space 41472K, 52% used [0x00000000a0000000,0x00000000a1546910,0x00000000a2880000)
 Metaspace       used 45094K, capacity 46146K, committed 46464K, reserved 1089536K
  class space    used 6180K, capacity 6421K, committed 6528K, reserved 1048576K
GC Heap History (10 events):
Event: 25.805 GC heap before
{Heap before GC invocations=16 (full 1):
 PSYoungGen      total 61952K, used 58355K [0x00000000e0000000, 0x00000000e4400000, 0x0000000100000000)
  eden space 56320K, 100% used [0x00000000e0000000,0x00000000e3700000,0x00000000e3700000)
  from space 5632K, 36% used [0x00000000e3e80000,0x00000000e407cea0,0x00000000e4400000)
  to   space 6656K, 0% used [0x00000000e3700000,0x00000000e3700000,0x00000000e3d80000)
 ParOldGen       total 32256K, used 13865K [0x00000000a0000000, 0x00000000a1f80000, 0x00000000e0000000)
  object space 32256K, 42% used [0x00000000a0000000,0x00000000a0d8a668,0x00000000a1f80000)
 Metaspace       used 32905K, capacity 33484K, committed 33920K, reserved 1079296K
  class space    used 4509K, capacity 4683K, committed 4736K, reserved 1048576K
Event: 25.870 GC heap after
Heap after GC invocations=16 (full 1):
 PSYoungGen      total 62976K, used 5128K [0x00000000e0000000, 0x00000000e6180000, 0x0000000100000000)
  eden space 56320K, 0% used [0x00000000e0000000,0x00000000e0000000,0x00000000e3700000)
  from space 6656K, 77% used [0x00000000e3700000,0x00000000e3c02328,0x00000000e3d80000)
  to   space 7168K, 0% used [0x00000000e5a80000,0x00000000e5a80000,0x00000000e6180000)
 ParOldGen       total 32256K, used 15033K [0x00000000a0000000, 0x00000000a1f80000, 0x00000000e0000000)
  object space 32256K, 46% used [0x00000000a0000000,0x00000000a0eae688,0x00000000a1f80000)
 Metaspace       used 32905K, capacity 33484K, committed 33920K, reserved 1079296K
  class space    used 4509K, capacity 4683K, committed 4736K, reserved 1048576K
}
Event: 26.186 GC heap before
{Heap before GC invocations=17 (full 1):
 PSYoungGen      total 62976K, used 23041K [0x00000000e0000000, 0x00000000e6180000, 0x0000000100000000)
  eden space 56320K, 31% used [0x00000000e0000000,0x00000000e117e118,0x00000000e3700000)
  from space 6656K, 77% used [0x00000000e3700000,0x00000000e3c02328,0x00000000e3d80000)
  to   space 7168K, 0% used [0x00000000e5a80000,0x00000000e5a80000,0x00000000e6180000)
 ParOldGen       total 32256K, used 15033K [0x00000000a0000000, 0x00000000a1f80000, 0x00000000e0000000)
  object space 32256K, 46% used [0x00000000a0000000,0x00000000a0eae688,0x00000000a1f80000)
 Metaspace       used 34530K, capacity 35088K, committed 35496K, reserved 1079296K
  class space    used 4729K, capacity 4849K, committed 4864K, reserved 1048576K
Event: 26.194 GC heap after
Heap after GC invocations=17 (full 1):
 PSYoungGen      total 91648K, used 2210K [0x00000000e0000000, 0x00000000e6080000, 0x0000000100000000)
  eden space 85504K, 0% used [0x00000000e0000000,0x00000000e0000000,0x00000000e5380000)
  from space 6144K, 35% used [0x00000000e5a80000,0x00000000e5ca8b58,0x00000000e6080000)
  to   space 6656K, 0% used [0x00000000e5380000,0x00000000e5380000,0x00000000e5a00000)
 ParOldGen       total 32256K, used 16897K [0x00000000a0000000, 0x00000000a1f80000, 0x00000000e0000000)
  object space 32256K, 52% used [0x00000000a0000000,0x00000000a1080688,0x00000000a1f80000)
 Metaspace       used 34530K, capacity 35088K, committed 35496K, reserved 1079296K
  class space    used 4729K, capacity 4849K, committed 4864K, reserved 1048576K
}
Event: 26.194 GC heap before
{Heap before GC invocations=18 (full 2):
 PSYoungGen      total 91648K, used 2210K [0x00000000e0000000, 0x00000000e6080000, 0x0000000100000000)
  eden space 85504K, 0% used [0x00000000e0000000,0x00000000e0000000,0x00000000e5380000)
  from space 6144K, 35% used [0x00000000e5a80000,0x00000000e5ca8b58,0x00000000e6080000)
  to   space 6656K, 0% used [0x00000000e5380000,0x00000000e5380000,0x00000000e5a00000)
 ParOldGen       total 32256K, used 16897K [0x00000000a0000000, 0x00000000a1f80000, 0x00000000e0000000)
  object space 32256K, 52% used [0x00000000a0000000,0x00000000a1080688,0x00000000a1f80000)
 Metaspace       used 34530K, capacity 35088K, committed 35496K, reserved 1079296K
  class space    used 4729K, capacity 4849K, committed 4864K, reserved 1048576K
Event: 26.318 GC heap after
Heap after GC invocations=18 (full 2):
 PSYoungGen      total 91648K, used 0K [0x00000000e0000000, 0x00000000e6080000, 0x0000000100000000)
  eden space 85504K, 0% used [0x00000000e0000000,0x00000000e0000000,0x00000000e5380000)
  from space 6144K, 0% used [0x00000000e5a80000,0x00000000e5a80000,0x00000000e6080000)
  to   space 6656K, 0% used [0x00000000e5380000,0x00000000e5380000,0x00000000e5a00000)
 ParOldGen       total 41472K, used 14810K [0x00000000a0000000, 0x00000000a2880000, 0x00000000e0000000)
  object space 41472K, 35% used [0x00000000a0000000,0x00000000a0e768a8,0x00000000a2880000)
 Metaspace       used 34530K, capacity 35088K, committed 35496K, reserved 1079296K
  class space    used 4729K, capacity 4849K, committed 4864K, reserved 1048576K
}
Event: 29.000 GC heap before
{Heap before GC invocations=19 (full 2):
 PSYoungGen      total 91648K, used 85504K [0x00000000e0000000, 0x00000000e6080000, 0x0000000100000000)
  eden space 85504K, 100% used [0x00000000e0000000,0x00000000e5380000,0x00000000e5380000)
  from space 6144K, 0% used [0x00000000e5a80000,0x00000000e5a80000,0x00000000e6080000)
  to   space 6656K, 0% used [0x00000000e5380000,0x00000000e5380000,0x00000000e5a00000)
 ParOldGen       total 41472K, used 14810K [0x00000000a0000000, 0x00000000a2880000, 0x00000000e0000000)
  object space 41472K, 35% used [0x00000000a0000000,0x00000000a0e768a8,0x00000000a2880000)
 Metaspace       used 41575K, capacity 42366K, committed 42752K, reserved 1085440K
  class space    used 5672K, capacity 5859K, committed 5888K, reserved 1048576K
Event: 29.013 GC heap after
Heap after GC invocations=19 (full 2):
 PSYoungGen      total 92160K, used 6647K [0x00000000e0000000, 0x00000000e7a80000, 0x0000000100000000)
  eden space 85504K, 0% used [0x00000000e0000000,0x00000000e0000000,0x00000000e5380000)
  from space 6656K, 99% used [0x00000000e5380000,0x00000000e59fdcc8,0x00000000e5a00000)
  to   space 8192K, 0% used [0x00000000e7280000,0x00000000e7280000,0x00000000e7a80000)
 ParOldGen       total 41472K, used 16360K [0x00000000a0000000, 0x00000000a2880000, 0x00000000e0000000)
  object space 41472K, 39% used [0x00000000a0000000,0x00000000a0ffa290,0x00000000a2880000)
 Metaspace       used 41575K, capacity 42366K, committed 42752K, reserved 1085440K
  class space    used 5672K, capacity 5859K, committed 5888K, reserved 1048576K
}
Event: 30.454 GC heap before
{Heap before GC invocations=20 (full 2):
 PSYoungGen      total 92160K, used 92151K [0x00000000e0000000, 0x00000000e7a80000, 0x0000000100000000)
  eden space 85504K, 100% used [0x00000000e0000000,0x00000000e5380000,0x00000000e5380000)
  from space 6656K, 99% used [0x00000000e5380000,0x00000000e59fdcc8,0x00000000e5a00000)
  to   space 8192K, 0% used [0x00000000e7280000,0x00000000e7280000,0x00000000e7a80000)
 ParOldGen       total 41472K, used 16360K [0x00000000a0000000, 0x00000000a2880000, 0x00000000e0000000)
  object space 41472K, 39% used [0x00000000a0000000,0x00000000a0ffa290,0x00000000a2880000)
 Metaspace       used 44646K, capacity 45650K, committed 45824K, reserved 1089536K
  class space    used 6111K, capacity 6333K, committed 6400K, reserved 1048576K
Event: 30.706 GC heap after
Heap after GC invocations=20 (full 2):
 PSYoungGen      total 116224K, used 7516K [0x00000000e0000000, 0x00000000e8280000, 0x0000000100000000)
  eden space 108032K, 0% used [0x00000000e0000000,0x00000000e0000000,0x00000000e6980000)
  from space 8192K, 91% used [0x00000000e7280000,0x00000000e79d71a0,0x00000000e7a80000)
  to   space 9216K, 0% used [0x00000000e6980000,0x00000000e6980000,0x00000000e7280000)
 ParOldGen       total 41472K, used 21786K [0x00000000a0000000, 0x00000000a2880000, 0x00000000e0000000)
  object space 41472K, 52% used [0x00000000a0000000,0x00000000a1546910,0x00000000a2880000)
 Metaspace       used 44646K, capacity 45650K, committed 45824K, reserved 1089536K
  class space    used 6111K, capacity 6333K, committed 6400K, reserved 1048576K
}

