# JRE version: Java(TM) SE Runtime Environment (8.0_121-b13) (build 1.8.0_121-b13)
# Java VM: Java HotSpot(TM) 64-Bit Server VM (25.121-b13 mixed mode windows-amd64 compressed oops)
Heap:
 PSYoungGen      total 215552K, used 51365K [0x00000000e0000000, 0x00000000f2c00000, 0x0000000100000000)
  eden space 199168K, 23% used [0x00000000e0000000,0x00000000e2cbf3e0,0x00000000ec280000)
  from space 16384K, 33% used [0x00000000ec280000,0x00000000ec7ea038,0x00000000ed280000)
  to   space 15872K, 0% used [0x00000000f1c80000,0x00000000f1c80000,0x00000000f2c00000)
 ParOldGen       total 48640K, used 31720K [0x00000000a0000000, 0x00000000a2f80000, 0x00000000e0000000)
  object space 48640K, 65% used [0x00000000a0000000,0x00000000a1efa1d0,0x00000000a2f80000)
 Metaspace       used 52664K, capacity 54004K, committed 54272K, reserved 1095680K
  class space    used 7080K, capacity 7360K, committed 7424K, reserved 1048576K
GC Heap History (10 events):
Event: 8.041 GC heap before
{Heap before GC invocations=11 (full 1):
 PSYoungGen      total 112640K, used 17072K [0x00000000e0000000, 0x00000000e9e80000, 0x0000000100000000)
  eden space 103424K, 7% used [0x00000000e0000000,0x00000000e07adbf0,0x00000000e6500000)
  from space 9216K, 99% used [0x00000000e6500000,0x00000000e6dfe690,0x00000000e6e00000)
  to   space 11264K, 0% used [0x00000000e9380000,0x00000000e9380000,0x00000000e9e80000)
 ParOldGen       total 36352K, used 9864K [0x00000000a0000000, 0x00000000a2380000, 0x00000000e0000000)
  object space 36352K, 27% used [0x00000000a0000000,0x00000000a09a20d0,0x00000000a2380000)
 Metaspace       used 34632K, capacity 35136K, committed 35456K, reserved 1079296K
  class space    used 4755K, capacity 4913K, committed 4992K, reserved 1048576K
Event: 8.099 GC heap after
Heap after GC invocations=11 (full 1):
 PSYoungGen      total 151552K, used 4979K [0x00000000e0000000, 0x00000000ea980000, 0x0000000100000000)
  eden space 140288K, 0% used [0x00000000e0000000,0x00000000e0000000,0x00000000e8900000)
  from space 11264K, 44% used [0x00000000e9380000,0x00000000e985cc58,0x00000000e9e80000)
  to   space 10752K, 0% used [0x00000000e8900000,0x00000000e8900000,0x00000000e9380000)
 ParOldGen       total 36352K, used 13056K [0x00000000a0000000, 0x00000000a2380000, 0x00000000e0000000)
  object space 36352K, 35% used [0x00000000a0000000,0x00000000a0cc0128,0x00000000a2380000)
 Metaspace       used 34632K, capacity 35136K, committed 35456K, reserved 1079296K
  class space    used 4755K, capacity 4913K, committed 4992K, reserved 1048576K
}
Event: 8.099 GC heap before
{Heap before GC invocations=12 (full 2):
 PSYoungGen      total 151552K, used 4979K [0x00000000e0000000, 0x00000000ea980000, 0x0000000100000000)
  eden space 140288K, 0% used [0x00000000e0000000,0x00000000e0000000,0x00000000e8900000)
  from space 11264K, 44% used [0x00000000e9380000,0x00000000e985cc58,0x00000000e9e80000)
  to   space 10752K, 0% used [0x00000000e8900000,0x00000000e8900000,0x00000000e9380000)
 ParOldGen       total 36352K, used 13056K [0x00000000a0000000, 0x00000000a2380000, 0x00000000e0000000)
  object space 36352K, 35% used [0x00000000a0000000,0x00000000a0cc0128,0x00000000a2380000)
 Metaspace       used 34632K, capacity 35136K, committed 35456K, reserved 1079296K
  class space    used 4755K, capacity 4913K, committed 4992K, reserved 1048576K
Event: 8.213 GC heap after
Heap after GC invocations=12 (full 2):
 PSYoungGen      total 151552K, used 0K [0x00000000e0000000, 0x00000000ea980000, 0x0000000100000000)
  eden space 140288K, 0% used [0x00000000e0000000,0x00000000e0000000,0x00000000e8900000)
  from space 11264K, 0% used [0x00000000e9380000,0x00000000e9380000,0x00000000e9e80000)
  to   space 10752K, 0% used [0x00000000e8900000,0x00000000e8900000,0x00000000e9380000)
 ParOldGen       total 48640K, used 15854K [0x00000000a0000000, 0x00000000a2f80000, 0x00000000e0000000)
  object space 48640K, 32% used [0x00000000a0000000,0x00000000a0f7ba48,0x00000000a2f80000)
 Metaspace       used 34632K, capacity 35136K, committed 35456K, reserved 1079296K
  class space    used 4755K, capacity 4913K, committed 4992K, reserved 1048576K
}
Event: 10.567 GC heap before
{Heap before GC invocations=13 (full 2):
 PSYoungGen      total 151552K, used 140288K [0x00000000e0000000, 0x00000000ea980000, 0x0000000100000000)
  eden space 140288K, 100% used [0x00000000e0000000,0x00000000e8900000,0x00000000e8900000)
  from space 11264K, 0% used [0x00000000e9380000,0x00000000e9380000,0x00000000e9e80000)
  to   space 10752K, 0% used [0x00000000e8900000,0x00000000e8900000,0x00000000e9380000)
 ParOldGen       total 48640K, used 15854K [0x00000000a0000000, 0x00000000a2f80000, 0x00000000e0000000)
  object space 48640K, 32% used [0x00000000a0000000,0x00000000a0f7ba48,0x00000000a2f80000)
 Metaspace       used 43310K, capacity 44216K, committed 44544K, reserved 1087488K
  class space    used 5901K, capacity 6124K, committed 6144K, reserved 1048576K
Event: 10.586 GC heap after
Heap after GC invocations=13 (full 2):
 PSYoungGen      total 151040K, used 10738K [0x00000000e0000000, 0x00000000edf00000, 0x0000000100000000)
  eden space 140288K, 0% used [0x00000000e0000000,0x00000000e0000000,0x00000000e8900000)
  from space 10752K, 99% used [0x00000000e8900000,0x00000000e937c990,0x00000000e9380000)
  to   space 12288K, 0% used [0x00000000ed300000,0x00000000ed300000,0x00000000edf00000)
 ParOldGen       total 48640K, used 16578K [0x00000000a0000000, 0x00000000a2f80000, 0x00000000e0000000)
  object space 48640K, 34% used [0x00000000a0000000,0x00000000a1030b48,0x00000000a2f80000)
 Metaspace       used 43310K, capacity 44216K, committed 44544K, reserved 1087488K
  class space    used 5901K, capacity 6124K, committed 6144K, reserved 1048576K
}
Event: 18.743 GC heap before
{Heap before GC invocations=14 (full 2):
 PSYoungGen      total 151040K, used 151026K [0x00000000e0000000, 0x00000000edf00000, 0x0000000100000000)
  eden space 140288K, 100% used [0x00000000e0000000,0x00000000e8900000,0x00000000e8900000)
  from space 10752K, 99% used [0x00000000e8900000,0x00000000e937c990,0x00000000e9380000)
  to   space 12288K, 0% used [0x00000000ed300000,0x00000000ed300000,0x00000000edf00000)
 ParOldGen       total 48640K, used 16578K [0x00000000a0000000, 0x00000000a2f80000, 0x00000000e0000000)
  object space 48640K, 34% used [0x00000000a0000000,0x00000000a1030b48,0x00000000a2f80000)
 Metaspace       used 49631K, capacity 50864K, committed 51072K, reserved 1093632K
  class space    used 6757K, capacity 7004K, committed 7040K, reserved 1048576K
Event: 18.776 GC heap after
Heap after GC invocations=14 (full 2):
 PSYoungGen      total 211456K, used 12264K [0x00000000e0000000, 0x00000000ee280000, 0x0000000100000000)
  eden space 199168K, 0% used [0x00000000e0000000,0x00000000e0000000,0x00000000ec280000)
  from space 12288K, 99% used [0x00000000ed300000,0x00000000edefa1f8,0x00000000edf00000)
  to   space 16384K, 0% used [0x00000000ec280000,0x00000000ec280000,0x00000000ed280000)
 ParOldGen       total 48640K, used 23374K [0x00000000a0000000, 0x00000000a2f80000, 0x00000000e0000000)
  object space 48640K, 48% used [0x00000000a0000000,0x00000000a16d3960,0x00000000a2f80000)
 Metaspace       used 49631K, capacity 50864K, committed 51072K, reserved 1093632K
  class space    used 6757K, capacity 7004K, committed 7040K, reserved 1048576K
}
Event: 27.379 GC heap before
{Heap before GC invocations=15 (full 2):
 PSYoungGen      total 211456K, used 211432K [0x00000000e0000000, 0x00000000ee280000, 0x0000000100000000)
  eden space 199168K, 100% used [0x00000000e0000000,0x00000000ec280000,0x00000000ec280000)
  from space 12288K, 99% used [0x00000000ed300000,0x00000000edefa1f8,0x00000000edf00000)
  to   space 16384K, 0% used [0x00000000ec280000,0x00000000ec280000,0x00000000ed280000)
 ParOldGen       total 48640K, used 23374K [0x00000000a0000000, 0x00000000a2f80000, 0x00000000e0000000)
  object space 48640K, 48% used [0x00000000a0000000,0x00000000a16d3960,0x00000000a2f80000)
 Metaspace       used 52154K, capacity 53524K, committed 53760K, reserved 1095680K
  class space    used 7048K, capacity 7328K, committed 7424K, reserved 1048576K
Event: 27.399 GC heap after
Heap after GC invocations=15 (full 2):
 PSYoungGen      total 215552K, used 5544K [0x00000000e0000000, 0x00000000f2c00000, 0x0000000100000000)
  eden space 199168K, 0% used [0x00000000e0000000,0x00000000e0000000,0x00000000ec280000)
  from space 16384K, 33% used [0x00000000ec280000,0x00000000ec7ea038,0x00000000ed280000)
  to   space 15872K, 0% used [0x00000000f1c80000,0x00000000f1c80000,0x00000000f2c00000)
 ParOldGen       total 48640K, used 31720K [0x00000000a0000000, 0x00000000a2f80000, 0x00000000e0000000)
  object space 48640K, 65% used [0x00000000a0000000,0x00000000a1efa1d0,0x00000000a2f80000)
 Metaspace       used 52154K, capacity 53524K, committed 53760K, reserved 1095680K
  class space    used 7048K, capacity 7328K, committed 7424K, reserved 1048576K
}

