# JRE version: Java(TM) SE Runtime Environment (8.0_121-b13) (build 1.8.0_121-b13)
# Java VM: Java HotSpot(TM) 64-Bit Server VM (25.121-b13 mixed mode windows-amd64 compressed oops)
Heap:
 PSYoungGen      total 363008K, used 46052K [0x00000000e0000000, 0x0000000100000000, 0x0000000100000000)
  eden space 316928K, 0% used [0x00000000e0000000,0x00000000e0000000,0x00000000f3580000)
  from space 46080K, 99% used [0x00000000f3580000,0x00000000f6279368,0x00000000f6280000)
  to   space 65536K, 0% used [0x00000000fc000000,0x00000000fc000000,0x0000000100000000)
 ParOldGen       total 100864K, used 100527K [0x00000000a0000000, 0x00000000a6280000, 0x00000000e0000000)
  object space 100864K, 99% used [0x00000000a0000000,0x00000000a622bfc0,0x00000000a6280000)
 Metaspace       used 66192K, capacity 67770K, committed 70016K, reserved 1110016K
  class space    used 8515K, capacity 8819K, committed 9344K, reserved 1048576K
GC Heap History (10 events):
Event: 2988.187 GC heap after
Heap after GC invocations=24 (full 7):
 PSYoungGen      total 253952K, used 0K [0x00000000e0000000, 0x00000000f1800000, 0x0000000100000000)
  eden space 232448K, 0% used [0x00000000e0000000,0x00000000e0000000,0x00000000ee300000)
  from space 21504K, 0% used [0x00000000eed00000,0x00000000eed00000,0x00000000f0200000)
  to   space 22528K, 0% used [0x00000000f0200000,0x00000000f0200000,0x00000000f1800000)
 ParOldGen       total 98816K, used 46911K [0x00000000a0000000, 0x00000000a6080000, 0x00000000e0000000)
  object space 98816K, 47% used [0x00000000a0000000,0x00000000a2dcfec0,0x00000000a6080000)
 Metaspace       used 56943K, capacity 58304K, committed 61824K, reserved 1101824K
  class space    used 7553K, capacity 7795K, committed 8576K, reserved 1048576K
}
Event: 2994.949 GC heap before
{Heap before GC invocations=25 (full 7):
 PSYoungGen      total 253952K, used 232064K [0x00000000e0000000, 0x00000000f1800000, 0x0000000100000000)
  eden space 232448K, 99% used [0x00000000e0000000,0x00000000ee2a0278,0x00000000ee300000)
  from space 21504K, 0% used [0x00000000eed00000,0x00000000eed00000,0x00000000f0200000)
  to   space 22528K, 0% used [0x00000000f0200000,0x00000000f0200000,0x00000000f1800000)
 ParOldGen       total 98816K, used 46911K [0x00000000a0000000, 0x00000000a6080000, 0x00000000e0000000)
  object space 98816K, 47% used [0x00000000a0000000,0x00000000a2dcfec0,0x00000000a6080000)
 Metaspace       used 61534K, capacity 63104K, committed 65536K, reserved 1105920K
  class space    used 8119K, capacity 8432K, committed 8960K, reserved 1048576K
Event: 2994.987 GC heap after
Heap after GC invocations=25 (full 7):
 PSYoungGen      total 259584K, used 13636K [0x00000000e0000000, 0x00000000f5800000, 0x0000000100000000)
  eden space 237056K, 0% used [0x00000000e0000000,0x00000000e0000000,0x00000000ee780000)
  from space 22528K, 60% used [0x00000000f0200000,0x00000000f0f513b8,0x00000000f1800000)
  to   space 27136K, 0% used [0x00000000ee780000,0x00000000ee780000,0x00000000f0200000)
 ParOldGen       total 98816K, used 46919K [0x00000000a0000000, 0x00000000a6080000, 0x00000000e0000000)
  object space 98816K, 47% used [0x00000000a0000000,0x00000000a2dd1ec0,0x00000000a6080000)
 Metaspace       used 61534K, capacity 63104K, committed 65536K, reserved 1105920K
  class space    used 8119K, capacity 8432K, committed 8960K, reserved 1048576K
}
Event: 2999.172 GC heap before
{Heap before GC invocations=26 (full 7):
 PSYoungGen      total 259584K, used 250692K [0x00000000e0000000, 0x00000000f5800000, 0x0000000100000000)
  eden space 237056K, 100% used [0x00000000e0000000,0x00000000ee780000,0x00000000ee780000)
  from space 22528K, 60% used [0x00000000f0200000,0x00000000f0f513b8,0x00000000f1800000)
  to   space 27136K, 0% used [0x00000000ee780000,0x00000000ee780000,0x00000000f0200000)
 ParOldGen       total 98816K, used 46919K [0x00000000a0000000, 0x00000000a6080000, 0x00000000e0000000)
  object space 98816K, 47% used [0x00000000a0000000,0x00000000a2dd1ec0,0x00000000a6080000)
 Metaspace       used 65885K, capacity 67514K, committed 69760K, reserved 1110016K
  class space    used 8513K, capacity 8819K, committed 9344K, reserved 1048576K
Event: 2999.297 GC heap after
Heap after GC invocations=26 (full 7):
 PSYoungGen      total 264192K, used 27110K [0x00000000e0000000, 0x00000000f8600000, 0x0000000100000000)
  eden space 237056K, 0% used [0x00000000e0000000,0x00000000e0000000,0x00000000ee780000)
  from space 27136K, 99% used [0x00000000ee780000,0x00000000f01f9980,0x00000000f0200000)
  to   space 36352K, 0% used [0x00000000f6280000,0x00000000f6280000,0x00000000f8600000)
 ParOldGen       total 98816K, used 60116K [0x00000000a0000000, 0x00000000a6080000, 0x00000000e0000000)
  object space 98816K, 60% used [0x00000000a0000000,0x00000000a3ab50b0,0x00000000a6080000)
 Metaspace       used 65885K, capacity 67514K, committed 69760K, reserved 1110016K
  class space    used 8513K, capacity 8819K, committed 9344K, reserved 1048576K
}
Event: 3000.987 GC heap before
{Heap before GC invocations=27 (full 7):
 PSYoungGen      total 264192K, used 264166K [0x00000000e0000000, 0x00000000f8600000, 0x0000000100000000)
  eden space 237056K, 100% used [0x00000000e0000000,0x00000000ee780000,0x00000000ee780000)
  from space 27136K, 99% used [0x00000000ee780000,0x00000000f01f9980,0x00000000f0200000)
  to   space 36352K, 0% used [0x00000000f6280000,0x00000000f6280000,0x00000000f8600000)
 ParOldGen       total 98816K, used 60116K [0x00000000a0000000, 0x00000000a6080000, 0x00000000e0000000)
  object space 98816K, 60% used [0x00000000a0000000,0x00000000a3ab50b0,0x00000000a6080000)
 Metaspace       used 66114K, capacity 67706K, committed 70016K, reserved 1110016K
  class space    used 8513K, capacity 8819K, committed 9344K, reserved 1048576K
Event: 3001.138 GC heap after
Heap after GC invocations=27 (full 7):
 PSYoungGen      total 353280K, used 36327K [0x00000000e0000000, 0x00000000fb180000, 0x0000000100000000)
  eden space 316928K, 0% used [0x00000000e0000000,0x00000000e0000000,0x00000000f3580000)
  from space 36352K, 99% used [0x00000000f6280000,0x00000000f85f9fa0,0x00000000f8600000)
  to   space 46080K, 0% used [0x00000000f3580000,0x00000000f3580000,0x00000000f6280000)
 ParOldGen       total 98816K, used 69999K [0x00000000a0000000, 0x00000000a6080000, 0x00000000e0000000)
  object space 98816K, 70% used [0x00000000a0000000,0x00000000a445bea8,0x00000000a6080000)
 Metaspace       used 66114K, capacity 67706K, committed 70016K, reserved 1110016K
  class space    used 8513K, capacity 8819K, committed 9344K, reserved 1048576K
}
Event: 3003.169 GC heap before
{Heap before GC invocations=28 (full 7):
 PSYoungGen      total 353280K, used 353255K [0x00000000e0000000, 0x00000000fb180000, 0x0000000100000000)
  eden space 316928K, 100% used [0x00000000e0000000,0x00000000f3580000,0x00000000f3580000)
  from space 36352K, 99% used [0x00000000f6280000,0x00000000f85f9fa0,0x00000000f8600000)
  to   space 46080K, 0% used [0x00000000f3580000,0x00000000f3580000,0x00000000f6280000)
 ParOldGen       total 98816K, used 69999K [0x00000000a0000000, 0x00000000a6080000, 0x00000000e0000000)
  object space 98816K, 70% used [0x00000000a0000000,0x00000000a445bea8,0x00000000a6080000)
 Metaspace       used 66192K, capacity 67770K, committed 70016K, reserved 1110016K
  class space    used 8515K, capacity 8819K, committed 9344K, reserved 1048576K
Event: 3003.373 GC heap after
Heap after GC invocations=28 (full 7):
 PSYoungGen      total 363008K, used 46052K [0x00000000e0000000, 0x0000000100000000, 0x0000000100000000)
  eden space 316928K, 0% used [0x00000000e0000000,0x00000000e0000000,0x00000000f3580000)
  from space 46080K, 99% used [0x00000000f3580000,0x00000000f6279368,0x00000000f6280000)
  to   space 65536K, 0% used [0x00000000fc000000,0x00000000fc000000,0x0000000100000000)
 ParOldGen       total 100864K, used 100527K [0x00000000a0000000, 0x00000000a6280000, 0x00000000e0000000)
  object space 100864K, 99% used [0x00000000a0000000,0x00000000a622bfc0,0x00000000a6280000)
 Metaspace       used 66192K, capacity 67770K, committed 70016K, reserved 1110016K
  class space    used 8515K, capacity 8819K, committed 9344K, reserved 1048576K
}
Event: 3003.373 GC heap before
{Heap before GC invocations=29 (full 8):
 PSYoungGen      total 363008K, used 46052K [0x00000000e0000000, 0x0000000100000000, 0x0000000100000000)
  eden space 316928K, 0% used [0x00000000e0000000,0x00000000e0000000,0x00000000f3580000)
  from space 46080K, 99% used [0x00000000f3580000,0x00000000f6279368,0x00000000f6280000)
  to   space 65536K, 0% used [0x00000000fc000000,0x00000000fc000000,0x0000000100000000)
 ParOldGen       total 100864K, used 100527K [0x00000000a0000000, 0x00000000a6280000, 0x00000000e0000000)
  object space 100864K, 99% used [0x00000000a0000000,0x00000000a622bfc0,0x00000000a6280000)
 Metaspace       used 66192K, capacity 67770K, committed 70016K, reserved 1110016K
  class space    used 8515K, capacity 8819K, committed 9344K, reserved 1048576K

