# JRE version: Java(TM) SE Runtime Environment (8.0_121-b13) (build 1.8.0_121-b13)
# Java VM: Java HotSpot(TM) 64-Bit Server VM (25.121-b13 mixed mode windows-amd64 compressed oops)
Heap:
 PSYoungGen      total 135680K, used 26509K [0x00000000e0000000, 0x00000000e9080000, 0x0000000100000000)
  eden space 126464K, 13% used [0x00000000e0000000,0x00000000e111eae8,0x00000000e7b80000)
  from space 9216K, 97% used [0x00000000e8700000,0x00000000e8fc4a20,0x00000000e9000000)
  to   space 10752K, 0% used [0x00000000e7b80000,0x00000000e7b80000,0x00000000e8600000)
 ParOldGen       total 49664K, used 20852K [0x00000000a0000000, 0x00000000a3080000, 0x00000000e0000000)
  object space 49664K, 41% used [0x00000000a0000000,0x00000000a145d0c0,0x00000000a3080000)
 Metaspace       used 46137K, capacity 47286K, committed 47616K, reserved 1089536K
  class space    used 6334K, capacity 6571K, committed 6656K, reserved 1048576K
GC Heap History (10 events):
Event: 8.547 GC heap before
{Heap before GC invocations=12 (full 1):
 PSYoungGen      total 79360K, used 74240K [0x00000000e0000000, 0x00000000e6180000, 0x0000000100000000)
  eden space 71680K, 100% used [0x00000000e0000000,0x00000000e4600000,0x00000000e4600000)
  from space 7680K, 33% used [0x00000000e4d80000,0x00000000e5000010,0x00000000e5500000)
  to   space 7680K, 0% used [0x00000000e4600000,0x00000000e4600000,0x00000000e4d80000)
 ParOldGen       total 34816K, used 9969K [0x00000000a0000000, 0x00000000a2200000, 0x00000000e0000000)
  object space 34816K, 28% used [0x00000000a0000000,0x00000000a09bc750,0x00000000a2200000)
 Metaspace       used 32872K, capacity 33480K, committed 33920K, reserved 1079296K
  class space    used 4511K, capacity 4683K, committed 4736K, reserved 1048576K
Event: 8.567 GC heap after
Heap after GC invocations=12 (full 1):
 PSYoungGen      total 79360K, used 6566K [0x00000000e0000000, 0x00000000e6c00000, 0x0000000100000000)
  eden space 71680K, 0% used [0x00000000e0000000,0x00000000e0000000,0x00000000e4600000)
  from space 7680K, 85% used [0x00000000e4600000,0x00000000e4c69998,0x00000000e4d80000)
  to   space 8192K, 0% used [0x00000000e6400000,0x00000000e6400000,0x00000000e6c00000)
 ParOldGen       total 34816K, used 11278K [0x00000000a0000000, 0x00000000a2200000, 0x00000000e0000000)
  object space 34816K, 32% used [0x00000000a0000000,0x00000000a0b03b88,0x00000000a2200000)
 Metaspace       used 32872K, capacity 33480K, committed 33920K, reserved 1079296K
  class space    used 4511K, capacity 4683K, committed 4736K, reserved 1048576K
}
Event: 8.925 GC heap before
{Heap before GC invocations=13 (full 1):
 PSYoungGen      total 79360K, used 26140K [0x00000000e0000000, 0x00000000e6c00000, 0x0000000100000000)
  eden space 71680K, 27% used [0x00000000e0000000,0x00000000e131d9b8,0x00000000e4600000)
  from space 7680K, 85% used [0x00000000e4600000,0x00000000e4c69998,0x00000000e4d80000)
  to   space 8192K, 0% used [0x00000000e6400000,0x00000000e6400000,0x00000000e6c00000)
 ParOldGen       total 34816K, used 11278K [0x00000000a0000000, 0x00000000a2200000, 0x00000000e0000000)
  object space 34816K, 32% used [0x00000000a0000000,0x00000000a0b03b88,0x00000000a2200000)
 Metaspace       used 34571K, capacity 35084K, committed 35456K, reserved 1079296K
  class space    used 4745K, capacity 4913K, committed 4992K, reserved 1048576K
Event: 8.988 GC heap after
Heap after GC invocations=13 (full 1):
 PSYoungGen      total 102400K, used 2858K [0x00000000e0000000, 0x00000000e7300000, 0x0000000100000000)
  eden space 94208K, 0% used [0x00000000e0000000,0x00000000e0000000,0x00000000e5c00000)
  from space 8192K, 34% used [0x00000000e6400000,0x00000000e66ca9c8,0x00000000e6c00000)
  to   space 8192K, 0% used [0x00000000e5c00000,0x00000000e5c00000,0x00000000e6400000)
 ParOldGen       total 34816K, used 14030K [0x00000000a0000000, 0x00000000a2200000, 0x00000000e0000000)
  object space 34816K, 40% used [0x00000000a0000000,0x00000000a0db3ba8,0x00000000a2200000)
 Metaspace       used 34571K, capacity 35084K, committed 35456K, reserved 1079296K
  class space    used 4745K, capacity 4913K, committed 4992K, reserved 1048576K
}
Event: 8.988 GC heap before
{Heap before GC invocations=14 (full 2):
 PSYoungGen      total 102400K, used 2858K [0x00000000e0000000, 0x00000000e7300000, 0x0000000100000000)
  eden space 94208K, 0% used [0x00000000e0000000,0x00000000e0000000,0x00000000e5c00000)
  from space 8192K, 34% used [0x00000000e6400000,0x00000000e66ca9c8,0x00000000e6c00000)
  to   space 8192K, 0% used [0x00000000e5c00000,0x00000000e5c00000,0x00000000e6400000)
 ParOldGen       total 34816K, used 14030K [0x00000000a0000000, 0x00000000a2200000, 0x00000000e0000000)
  object space 34816K, 40% used [0x00000000a0000000,0x00000000a0db3ba8,0x00000000a2200000)
 Metaspace       used 34571K, capacity 35084K, committed 35456K, reserved 1079296K
  class space    used 4745K, capacity 4913K, committed 4992K, reserved 1048576K
Event: 9.165 GC heap after
Heap after GC invocations=14 (full 2):
 PSYoungGen      total 102400K, used 0K [0x00000000e0000000, 0x00000000e7300000, 0x0000000100000000)
  eden space 94208K, 0% used [0x00000000e0000000,0x00000000e0000000,0x00000000e5c00000)
  from space 8192K, 0% used [0x00000000e6400000,0x00000000e6400000,0x00000000e6c00000)
  to   space 8192K, 0% used [0x00000000e5c00000,0x00000000e5c00000,0x00000000e6400000)
 ParOldGen       total 49664K, used 15452K [0x00000000a0000000, 0x00000000a3080000, 0x00000000e0000000)
  object space 49664K, 31% used [0x00000000a0000000,0x00000000a0f17130,0x00000000a3080000)
 Metaspace       used 34571K, capacity 35084K, committed 35456K, reserved 1079296K
  class space    used 4745K, capacity 4913K, committed 4992K, reserved 1048576K
}
Event: 10.714 GC heap before
{Heap before GC invocations=15 (full 2):
 PSYoungGen      total 102400K, used 94208K [0x00000000e0000000, 0x00000000e7300000, 0x0000000100000000)
  eden space 94208K, 100% used [0x00000000e0000000,0x00000000e5c00000,0x00000000e5c00000)
  from space 8192K, 0% used [0x00000000e6400000,0x00000000e6400000,0x00000000e6c00000)
  to   space 8192K, 0% used [0x00000000e5c00000,0x00000000e5c00000,0x00000000e6400000)
 ParOldGen       total 49664K, used 15452K [0x00000000a0000000, 0x00000000a3080000, 0x00000000e0000000)
  object space 49664K, 31% used [0x00000000a0000000,0x00000000a0f17130,0x00000000a3080000)
 Metaspace       used 41529K, capacity 42304K, committed 42752K, reserved 1085440K
  class space    used 5672K, capacity 5860K, committed 5888K, reserved 1048576K
Event: 10.730 GC heap after
Heap after GC invocations=15 (full 2):
 PSYoungGen      total 102400K, used 8166K [0x00000000e0000000, 0x00000000e9000000, 0x0000000100000000)
  eden space 94208K, 0% used [0x00000000e0000000,0x00000000e0000000,0x00000000e5c00000)
  from space 8192K, 99% used [0x00000000e5c00000,0x00000000e63f9998,0x00000000e6400000)
  to   space 9216K, 0% used [0x00000000e8700000,0x00000000e8700000,0x00000000e9000000)
 ParOldGen       total 49664K, used 15750K [0x00000000a0000000, 0x00000000a3080000, 0x00000000e0000000)
  object space 49664K, 31% used [0x00000000a0000000,0x00000000a0f619a8,0x00000000a3080000)
 Metaspace       used 41529K, capacity 42304K, committed 42752K, reserved 1085440K
  class space    used 5672K, capacity 5860K, committed 5888K, reserved 1048576K
}
Event: 12.299 GC heap before
{Heap before GC invocations=16 (full 2):
 PSYoungGen      total 102400K, used 102374K [0x00000000e0000000, 0x00000000e9000000, 0x0000000100000000)
  eden space 94208K, 100% used [0x00000000e0000000,0x00000000e5c00000,0x00000000e5c00000)
  from space 8192K, 99% used [0x00000000e5c00000,0x00000000e63f9998,0x00000000e6400000)
  to   space 9216K, 0% used [0x00000000e8700000,0x00000000e8700000,0x00000000e9000000)
 ParOldGen       total 49664K, used 15750K [0x00000000a0000000, 0x00000000a3080000, 0x00000000e0000000)
  object space 49664K, 31% used [0x00000000a0000000,0x00000000a0f619a8,0x00000000a3080000)
 Metaspace       used 45594K, capacity 46642K, committed 46720K, reserved 1089536K
  class space    used 6273K, capacity 6497K, committed 6528K, reserved 1048576K
Event: 12.317 GC heap after
Heap after GC invocations=16 (full 2):
 PSYoungGen      total 135680K, used 8978K [0x00000000e0000000, 0x00000000e9080000, 0x0000000100000000)
  eden space 126464K, 0% used [0x00000000e0000000,0x00000000e0000000,0x00000000e7b80000)
  from space 9216K, 97% used [0x00000000e8700000,0x00000000e8fc4a20,0x00000000e9000000)
  to   space 10752K, 0% used [0x00000000e7b80000,0x00000000e7b80000,0x00000000e8600000)
 ParOldGen       total 49664K, used 20852K [0x00000000a0000000, 0x00000000a3080000, 0x00000000e0000000)
  object space 49664K, 41% used [0x00000000a0000000,0x00000000a145d0c0,0x00000000a3080000)
 Metaspace       used 45594K, capacity 46642K, committed 46720K, reserved 1089536K
  class space    used 6273K, capacity 6497K, committed 6528K, reserved 1048576K
}

