# JRE version: Java(TM) SE Runtime Environment (8.0_121-b13) (build 1.8.0_121-b13)
# Java VM: Java HotSpot(TM) 64-Bit Server VM (25.121-b13 mixed mode windows-amd64 compressed oops)
Heap:
 PSYoungGen      total 461312K, used 150592K [0x00000000e0000000, 0x00000000ffd80000, 0x0000000100000000)
  eden space 401920K, 37% used [0x00000000e0000000,0x00000000e9310168,0x00000000f8880000)
  from space 59392K, 0% used [0x00000000fc380000,0x00000000fc380000,0x00000000ffd80000)
  to   space 59904K, 0% used [0x00000000f8880000,0x00000000f8880000,0x00000000fc300000)
 ParOldGen       total 173056K, used 49031K [0x00000000a0000000, 0x00000000aa900000, 0x00000000e0000000)
  object space 173056K, 28% used [0x00000000a0000000,0x00000000a2fe1f90,0x00000000aa900000)
 Metaspace       used 67589K, capacity 70362K, committed 70528K, reserved 1110016K
  class space    used 9016K, capacity 9540K, committed 9600K, reserved 1048576K
GC Heap History (10 events):
Event: 84.568 GC heap before
{Heap before GC invocations=19 (full 5):
 PSYoungGen      total 402944K, used 402917K [0x00000000e0000000, 0x0000000100000000, 0x0000000100000000)
  eden space 358400K, 100% used [0x00000000e0000000,0x00000000f5e00000,0x00000000f5e00000)
  from space 44544K, 99% used [0x00000000f5e00000,0x00000000f8979458,0x00000000f8980000)
  to   space 58368K, 0% used [0x00000000fc700000,0x00000000fc700000,0x0000000100000000)
 ParOldGen       total 147456K, used 104889K [0x00000000a0000000, 0x00000000a9000000, 0x00000000e0000000)
  object space 147456K, 71% used [0x00000000a0000000,0x00000000a666e770,0x00000000a9000000)
 Metaspace       used 59555K, capacity 61802K, committed 62080K, reserved 1103872K
  class space    used 8018K, capacity 8476K, committed 8576K, reserved 1048576K
Event: 84.691 GC heap after
Heap after GC invocations=19 (full 5):
 PSYoungGen      total 454656K, used 45557K [0x00000000e0000000, 0x0000000100000000, 0x0000000100000000)
  eden space 396288K, 0% used [0x00000000e0000000,0x00000000e0000000,0x00000000f8300000)
  from space 58368K, 78% used [0x00000000fc700000,0x00000000ff37d5c0,0x0000000100000000)
  to   space 64000K, 0% used [0x00000000f8300000,0x00000000f8300000,0x00000000fc180000)
 ParOldGen       total 147456K, used 126031K [0x00000000a0000000, 0x00000000a9000000, 0x00000000e0000000)
  object space 147456K, 85% used [0x00000000a0000000,0x00000000a7b13f60,0x00000000a9000000)
 Metaspace       used 59555K, capacity 61802K, committed 62080K, reserved 1103872K
  class space    used 8018K, capacity 8476K, committed 8576K, reserved 1048576K
}
Event: 84.691 GC heap before
{Heap before GC invocations=20 (full 6):
 PSYoungGen      total 454656K, used 45557K [0x00000000e0000000, 0x0000000100000000, 0x0000000100000000)
  eden space 396288K, 0% used [0x00000000e0000000,0x00000000e0000000,0x00000000f8300000)
  from space 58368K, 78% used [0x00000000fc700000,0x00000000ff37d5c0,0x0000000100000000)
  to   space 64000K, 0% used [0x00000000f8300000,0x00000000f8300000,0x00000000fc180000)
 ParOldGen       total 147456K, used 126031K [0x00000000a0000000, 0x00000000a9000000, 0x00000000e0000000)
  object space 147456K, 85% used [0x00000000a0000000,0x00000000a7b13f60,0x00000000a9000000)
 Metaspace       used 59555K, capacity 61802K, committed 62080K, reserved 1103872K
  class space    used 8018K, capacity 8476K, committed 8576K, reserved 1048576K
Event: 85.276 GC heap after
Heap after GC invocations=20 (full 6):
 PSYoungGen      total 454656K, used 0K [0x00000000e0000000, 0x0000000100000000, 0x0000000100000000)
  eden space 396288K, 0% used [0x00000000e0000000,0x00000000e0000000,0x00000000f8300000)
  from space 58368K, 0% used [0x00000000fc700000,0x00000000fc700000,0x0000000100000000)
  to   space 64000K, 0% used [0x00000000f8300000,0x00000000f8300000,0x00000000fc180000)
 ParOldGen       total 173056K, used 97568K [0x00000000a0000000, 0x00000000aa900000, 0x00000000e0000000)
  object space 173056K, 56% used [0x00000000a0000000,0x00000000a5f48108,0x00000000aa900000)
 Metaspace       used 59555K, capacity 61802K, committed 62080K, reserved 1103872K
  class space    used 8018K, capacity 8476K, committed 8576K, reserved 1048576K
}
Event: 88.162 GC heap before
{Heap before GC invocations=21 (full 6):
 PSYoungGen      total 454656K, used 395964K [0x00000000e0000000, 0x0000000100000000, 0x0000000100000000)
  eden space 396288K, 99% used [0x00000000e0000000,0x00000000f82af168,0x00000000f8300000)
  from space 58368K, 0% used [0x00000000fc700000,0x00000000fc700000,0x0000000100000000)
  to   space 64000K, 0% used [0x00000000f8300000,0x00000000f8300000,0x00000000fc180000)
 ParOldGen       total 173056K, used 97568K [0x00000000a0000000, 0x00000000aa900000, 0x00000000e0000000)
  object space 173056K, 56% used [0x00000000a0000000,0x00000000a5f48108,0x00000000aa900000)
 Metaspace       used 61872K, capacity 64252K, committed 64384K, reserved 1105920K
  class space    used 8331K, capacity 8805K, committed 8832K, reserved 1048576K
Event: 88.183 GC heap after
Heap after GC invocations=21 (full 6):
 PSYoungGen      total 460288K, used 12167K [0x00000000e0000000, 0x0000000100000000, 0x0000000100000000)
  eden space 396288K, 0% used [0x00000000e0000000,0x00000000e0000000,0x00000000f8300000)
  from space 64000K, 19% used [0x00000000f8300000,0x00000000f8ee1ec8,0x00000000fc180000)
  to   space 61952K, 0% used [0x00000000fc380000,0x00000000fc380000,0x0000000100000000)
 ParOldGen       total 173056K, used 97576K [0x00000000a0000000, 0x00000000aa900000, 0x00000000e0000000)
  object space 173056K, 56% used [0x00000000a0000000,0x00000000a5f4a108,0x00000000aa900000)
 Metaspace       used 61872K, capacity 64252K, committed 64384K, reserved 1105920K
  class space    used 8331K, capacity 8805K, committed 8832K, reserved 1048576K
}
Event: 337.541 GC heap before
{Heap before GC invocations=22 (full 6):
 PSYoungGen      total 460288K, used 248219K [0x00000000e0000000, 0x0000000100000000, 0x0000000100000000)
  eden space 396288K, 59% used [0x00000000e0000000,0x00000000ee684e50,0x00000000f8300000)
  from space 64000K, 19% used [0x00000000f8300000,0x00000000f8ee1ec8,0x00000000fc180000)
  to   space 61952K, 0% used [0x00000000fc380000,0x00000000fc380000,0x0000000100000000)
 ParOldGen       total 173056K, used 97576K [0x00000000a0000000, 0x00000000aa900000, 0x00000000e0000000)
  object space 173056K, 56% used [0x00000000a0000000,0x00000000a5f4a108,0x00000000aa900000)
 Metaspace       used 63356K, capacity 66000K, committed 66048K, reserved 1105920K
  class space    used 8455K, capacity 8933K, committed 8960K, reserved 1048576K
Event: 337.582 GC heap after
Heap after GC invocations=22 (full 6):
 PSYoungGen      total 461312K, used 9472K [0x00000000e0000000, 0x00000000ffd80000, 0x0000000100000000)
  eden space 401920K, 0% used [0x00000000e0000000,0x00000000e0000000,0x00000000f8880000)
  from space 59392K, 15% used [0x00000000fc380000,0x00000000fccc03c8,0x00000000ffd80000)
  to   space 59904K, 0% used [0x00000000f8880000,0x00000000f8880000,0x00000000fc300000)
 ParOldGen       total 173056K, used 97584K [0x00000000a0000000, 0x00000000aa900000, 0x00000000e0000000)
  object space 173056K, 56% used [0x00000000a0000000,0x00000000a5f4c108,0x00000000aa900000)
 Metaspace       used 63356K, capacity 66000K, committed 66048K, reserved 1105920K
  class space    used 8455K, capacity 8933K, committed 8960K, reserved 1048576K
}
Event: 337.582 GC heap before
{Heap before GC invocations=23 (full 7):
 PSYoungGen      total 461312K, used 9472K [0x00000000e0000000, 0x00000000ffd80000, 0x0000000100000000)
  eden space 401920K, 0% used [0x00000000e0000000,0x00000000e0000000,0x00000000f8880000)
  from space 59392K, 15% used [0x00000000fc380000,0x00000000fccc03c8,0x00000000ffd80000)
  to   space 59904K, 0% used [0x00000000f8880000,0x00000000f8880000,0x00000000fc300000)
 ParOldGen       total 173056K, used 97584K [0x00000000a0000000, 0x00000000aa900000, 0x00000000e0000000)
  object space 173056K, 56% used [0x00000000a0000000,0x00000000a5f4c108,0x00000000aa900000)
 Metaspace       used 63356K, capacity 66000K, committed 66048K, reserved 1105920K
  class space    used 8455K, capacity 8933K, committed 8960K, reserved 1048576K
Event: 338.074 GC heap after
Heap after GC invocations=23 (full 7):
 PSYoungGen      total 461312K, used 0K [0x00000000e0000000, 0x00000000ffd80000, 0x0000000100000000)
  eden space 401920K, 0% used [0x00000000e0000000,0x00000000e0000000,0x00000000f8880000)
  from space 59392K, 0% used [0x00000000fc380000,0x00000000fc380000,0x00000000ffd80000)
  to   space 59904K, 0% used [0x00000000f8880000,0x00000000f8880000,0x00000000fc300000)
 ParOldGen       total 173056K, used 49031K [0x00000000a0000000, 0x00000000aa900000, 0x00000000e0000000)
  object space 173056K, 28% used [0x00000000a0000000,0x00000000a2fe1f90,0x00000000aa900000)
 Metaspace       used 63356K, capacity 66000K, committed 66048K, reserved 1105920K
  class space    used 8455K, capacity 8933K, committed 8960K, reserved 1048576K
}

